  Block.cpp
E:\게임학원\git_study_source\VisualStudio\SnakeGame\MapManager.h(35,18): warning C4244: '인수': 'float'에서 'int'(으)로 변환하면서 데이터가 손실될 수 있습니다.
E:\게임학원\git_study_source\VisualStudio\SnakeGame\MapManager.h(40,15): warning C4244: '초기화 중': 'float'에서 'int'(으)로 변환하면서 데이터가 손실될 수 있습니다.
E:\게임학원\git_study_source\VisualStudio\SnakeGame\MapManager.h(54,17): warning C4838: 'int'에서 'SHORT'(으)로의 변환에는 축소 변환이 필요합니다.
E:\게임학원\git_study_source\VisualStudio\SnakeGame\MapManager.h(54,21): warning C4838: 'int'에서 'SHORT'(으)로의 변환에는 축소 변환이 필요합니다.
  GameManager.cpp
E:\게임학원\git_study_source\VisualStudio\SnakeGame\MapManager.h(35,18): warning C4244: '인수': 'float'에서 'int'(으)로 변환하면서 데이터가 손실될 수 있습니다.
E:\게임학원\git_study_source\VisualStudio\SnakeGame\MapManager.h(40,15): warning C4244: '초기화 중': 'float'에서 'int'(으)로 변환하면서 데이터가 손실될 수 있습니다.
E:\게임학원\git_study_source\VisualStudio\SnakeGame\MapManager.h(54,17): warning C4838: 'int'에서 'SHORT'(으)로의 변환에는 축소 변환이 필요합니다.
E:\게임학원\git_study_source\VisualStudio\SnakeGame\MapManager.h(54,21): warning C4838: 'int'에서 'SHORT'(으)로의 변환에는 축소 변환이 필요합니다.
E:\게임학원\git_study_source\VisualStudio\SnakeGame\GameManager.cpp(14,2): warning C4996: 'sprintf': This function or variable may be unsafe. Consider using sprintf_s instead. To disable deprecation, use _CRT_SECURE_NO_WARNINGS. See online help for details.
E:\게임학원\git_study_source\VisualStudio\SnakeGame\GameManager.cpp(53,90): warning C4244: '인수': 'float'에서 'int'(으)로 변환하면서 데이터가 손실될 수 있습니다.
E:\게임학원\git_study_source\VisualStudio\SnakeGame\GameManager.cpp(54,71): warning C4244: '인수': 'float'에서 'int'(으)로 변환하면서 데이터가 손실될 수 있습니다.
E:\게임학원\git_study_source\VisualStudio\SnakeGame\GameManager.cpp(55,71): warning C4244: '인수': 'float'에서 'int'(으)로 변환하면서 데이터가 손실될 수 있습니다.
E:\게임학원\git_study_source\VisualStudio\SnakeGame\GameManager.cpp(56,65): warning C4244: '인수': 'float'에서 'int'(으)로 변환하면서 데이터가 손실될 수 있습니다.
E:\게임학원\git_study_source\VisualStudio\SnakeGame\GameManager.cpp(174,89): warning C4244: '인수': 'float'에서 'int'(으)로 변환하면서 데이터가 손실될 수 있습니다.
E:\게임학원\git_study_source\VisualStudio\SnakeGame\GameManager.cpp(175,67): warning C4244: '인수': 'float'에서 'int'(으)로 변환하면서 데이터가 손실될 수 있습니다.
E:\게임학원\git_study_source\VisualStudio\SnakeGame\GameManager.cpp(176,81): warning C4244: '인수': 'float'에서 'int'(으)로 변환하면서 데이터가 손실될 수 있습니다.
  Main.cpp
E:\게임학원\git_study_source\VisualStudio\SnakeGame\MapManager.h(35,18): warning C4244: '인수': 'float'에서 'int'(으)로 변환하면서 데이터가 손실될 수 있습니다.
E:\게임학원\git_study_source\VisualStudio\SnakeGame\MapManager.h(40,15): warning C4244: '초기화 중': 'float'에서 'int'(으)로 변환하면서 데이터가 손실될 수 있습니다.
E:\게임학원\git_study_source\VisualStudio\SnakeGame\MapManager.h(54,17): warning C4838: 'int'에서 'SHORT'(으)로의 변환에는 축소 변환이 필요합니다.
E:\게임학원\git_study_source\VisualStudio\SnakeGame\MapManager.h(54,21): warning C4838: 'int'에서 'SHORT'(으)로의 변환에는 축소 변환이 필요합니다.
E:\게임학원\git_study_source\VisualStudio\SnakeGame\Main.cpp(4,6): warning C4326: 'main'의 반환 형식이 'int'이어야 하는데 'void'입니다.
  코드를 생성하고 있습니다...
  SnakeGame.vcxproj -> E:\게임학원\git_study_source\VisualStudio\SnakeGame\x64\Debug\SnakeGame.exe
