d:\학원\visualstudio\rpg_game\rpg_game\debug\vc142.pdb
d:\학원\visualstudio\rpg_game\rpg_game\debug\vc142.idb
d:\학원\visualstudio\rpg_game\rpg_game\debug\main.obj
d:\학원\visualstudio\rpg_game\rpg_game\debug\gamemanager.obj
d:\학원\visualstudio\rpg_game\rpg_game\debug\weapon.obj
d:\학원\visualstudio\rpg_game\rpg_game\debug\player.obj
d:\학원\visualstudio\rpg_game\rpg_game\debug\monster.obj
d:\학원\visualstudio\rpg_game\rpg_game\debug\charactor.obj
d:\학원\visualstudio\rpg_game\debug\rpg_game.exe
d:\학원\visualstudio\rpg_game\rpg_game\debug\rpg_game.ilk
d:\학원\visualstudio\rpg_game\debug\rpg_game.pdb
d:\학원\visualstudio\rpg_game\rpg_game\debug\gamemanager.obj.enc
d:\학원\visualstudio\rpg_game\debug\rpg_game.ilk
d:\학원\visualstudio\rpg_game\rpg_game\debug\rpg_game.tlog\cl.read.1.tlog
d:\학원\visualstudio\rpg_game\rpg_game\debug\rpg_game.tlog\cl.write.1.tlog
d:\학원\visualstudio\rpg_game\rpg_game\debug\rpg_game.tlog\cl.command.1.tlog
d:\학원\visualstudio\rpg_game\rpg_game\debug\rpg_game.tlog\link.read.1.tlog
d:\학원\visualstudio\rpg_game\rpg_game\debug\rpg_game.tlog\link.write.1.tlog
d:\학원\visualstudio\rpg_game\rpg_game\debug\rpg_game.tlog\link.command.1.tlog
d:\학원\visualstudio\rpg_game\rpg_game\debug\rpg_game.tlog\link.delete.1.tlog
